2020-9-17 20:50:55 GET /users/ [object Object] ::1
2020-9-17 20:51:10 GET /users/ [object Object] ::1
2020-9-17 20:51:15 GET /users/ [object Object] ::1
2020-9-17 20:51:24 GET /users/ [object Object] ::1
2020-9-22 18:50:04 GET /users/ [object Object] ::1
2020-9-22 19:20:22 POST /users/ [object Object] ::1
2020-9-22 19:42:56 POST /users/ [object Object] ::1
2020-9-22 19:53:46 POST /users/ [object Object] ::1
2020-9-22 19:54:04 POST /users/ [object Object] ::1
2020-9-22 20:26:58 POST /users/ [object Object] ::1
2020-9-22 20:27:04 GET /users/ [object Object] ::1
2020-9-22 20:27:19 GET /users/waltero [object Object] ::1
2020-9-22 20:28:05 GET /users/waltero [object Object] ::1
2020-9-22 20:28:21 GET /users/waltero [object Object] ::1
2020-9-22 20:31:16 GET /users/waltero [object Object] ::1
2020-9-22 20:31:43 GET /users/waltero [object Object] ::1
2020-9-22 20:35:00 GET /users/waltero [object Object] ::1
2020-9-22 20:35:14 POST /users/ [object Object] ::1
2020-9-22 20:36:01 POST /users/ [object Object] ::1
2020-9-22 20:37:12 POST /users/ [object Object] ::1
2020-9-22 20:37:53 POST /users/ [object Object] ::1
2020-9-22 20:38:00 GET /users/waltero [object Object] ::1
2020-9-22 20:43:58 GET /users/waltero [object Object] ::1
2020-9-22 20:44:09 POST /users/ [object Object] ::1
2020-9-22 20:44:21 GET /users/waltero [object Object] ::1
2020-9-22 20:45:41 PUT /users/waltero [object Object] ::1
2020-9-22 20:54:15 GET /users/waltero [object Object] ::1
2020-9-22 20:54:20 POST /users/ [object Object] ::1
2020-9-22 20:54:25 GET /users/waltero [object Object] ::1
2020-9-22 20:54:35 PUT /users/waltero [object Object] ::1
2020-9-22 20:56:29 POST /users/ [object Object] ::1
2020-9-22 20:56:35 PUT /users/waltero [object Object] ::1
2020-9-22 21:00:39 POST /users/ [object Object] ::1
2020-9-22 21:00:44 PUT /users/waltero [object Object] ::1
24/9/2020, 4:18:12 p. m. POST /users/ [object Object] ::1
24/9/2020, 4:18:28 p. m. GET /users/waltero [object Object] ::1
24/9/2020, 4:18:36 p. m. PUT /users/waltero [object Object] ::1
24/9/2020, 4:19:50 p. m. POST /users/ [object Object] ::1
24/9/2020, 4:20:04 p. m. GET /users/ [object Object] ::1
24/9/2020, 4:20:50 p. m. GET /users/ [object Object] ::1
24/9/2020, 4:20:54 p. m. GET /users/ [object Object] ::1
24/9/2020, 4:21:08 p. m. POST /users/ [object Object] ::1
24/9/2020, 4:21:11 p. m. POST /users/ [object Object] ::1
24/9/2020, 4:21:17 p. m. POST /users/ [object Object] ::1
24/9/2020, 4:21:24 p. m. POST /users/ [object Object] ::1
24/9/2020, 4:21:30 p. m. POST /users/ [object Object] ::1
24/9/2020, 4:23:33 p. m. POST /users/ [object Object] ::1
24/9/2020, 4:23:37 p. m. POST /users/ [object Object] ::1
24/9/2020, 4:23:41 p. m. POST /users/ [object Object] ::1
24/9/2020, 4:23:45 p. m. GET /users/ [object Object] ::1
24/9/2020, 4:24:19 p. m. DELETE /users/waltero [object Object] ::1
24/9/2020, 7:32:40 p. m. POST /users/ [object Object] ::1
24/9/2020, 9:13:26 p. m. POST /users/ [object Object] ::1
24/9/2020, 9:13:48 p. m. GET /users/ [object Object] ::1
29/9/2020, 7:06:21 p. m. POST /users/ [object Object] ::1
29/9/2020, 7:09:01 p. m. POST /twwet/ [object Object] ::1
29/9/2020, 7:10:58 p. m. POST /tweets/ [object Object] ::1
29/9/2020, 7:11:13 p. m. GET /tweets/ [object Object] ::1
29/9/2020, 7:16:40 p. m. POST /tweets/ [object Object] ::1
29/9/2020, 7:16:43 p. m. GET /tweets/ [object Object] ::1
29/9/2020, 7:17:20 p. m. GET /tweets/0 [object Object] ::1
29/9/2020, 7:19:31 p. m. POST /tweets/ [object Object] ::1
29/9/2020, 7:19:34 p. m. GET /tweets/ [object Object] ::1
29/9/2020, 7:19:49 p. m. GET /tweets/0 [object Object] ::1
29/9/2020, 7:21:43 p. m. GET /tweets/1 [object Object] ::1
29/9/2020, 7:21:51 p. m. GET /tweets/ [object Object] ::1
29/9/2020, 7:22:05 p. m. GET /tweets/1 [object Object] ::1
29/9/2020, 7:35:30 p. m. POST /tweets/ [object Object] ::1
29/9/2020, 7:35:34 p. m. GET /tweets/ [object Object] ::1
29/9/2020, 7:35:44 p. m. GET /tweets/0 [object Object] ::1
29/9/2020, 7:35:51 p. m. GET /tweets/ [object Object] ::1
29/9/2020, 7:37:12 p. m. POST /tweets/ [object Object] ::1
29/9/2020, 7:37:15 p. m. GET /tweets/ [object Object] ::1
29/9/2020, 7:37:18 p. m. GET /tweets/0 [object Object] ::1
29/9/2020, 7:37:22 p. m. GET /tweets/1 [object Object] ::1
29/9/2020, 7:39:11 p. m. POST /users/ [object Object] ::1
29/9/2020, 7:46:07 p. m. POST /users/ [object Object] ::1
29/9/2020, 7:47:11 p. m. POST /users/ [object Object] ::1
29/9/2020, 7:47:20 p. m. GET /users/ [object Object] ::1
29/9/2020, 8:53:05 p. m. POST /users/ [object Object] ::1
29/9/2020, 8:53:26 p. m. POST /users/ [object Object] ::1
29/9/2020, 8:53:32 p. m. POST /users/ [object Object] ::1
1/10/2020, 8:01:14 p. m. GET /weather/Pereira [object Object] ::1
1/10/2020, 8:02:38 p. m. GET /weather/Pereira [object Object] ::1
1/10/2020, 8:02:40 p. m. GET /weather/Pereira [object Object] ::1
1/10/2020, 8:37:55 p. m. GET /weather/Pereira [object Object] ::1
1/10/2020, 8:38:09 p. m. POST /users/ [object Object] ::1
1/10/2020, 8:47:26 p. m. POST /users/ [object Object] ::1
1/10/2020, 8:47:30 p. m. POST /users/ [object Object] ::1
1/10/2020, 8:48:42 p. m. POST /users/ [object Object] ::1
1/10/2020, 8:48:48 p. m. POST /users/ [object Object] ::1
1/10/2020, 8:50:38 p. m. POST /users/ [object Object] ::1
1/10/2020, 8:50:45 p. m. POST /users/ [object Object] ::1
1/10/2020, 8:51:48 p. m. POST /users/ [object Object] ::1
1/10/2020, 8:51:51 p. m. POST /users/ [object Object] ::1
1/10/2020, 8:52:33 p. m. POST /users/ [object Object] ::1
1/10/2020, 8:53:23 p. m. POST /users/ [object Object] ::1
1/10/2020, 8:53:28 p. m. POST /users/ [object Object] ::1
1/10/2020, 8:55:35 p. m. POST /users/ [object Object] ::1
1/10/2020, 8:55:40 p. m. POST /users/login [object Object] ::1
1/10/2020, 8:57:42 p. m. POST /users/ [object Object] ::1
1/10/2020, 8:57:45 p. m. POST /users/login [object Object] ::1
6/10/2020, 6:55:49 p. m. POST /users/ [object Object] ::1
6/10/2020, 6:55:56 p. m. POST /users/login [object Object] ::1
6/10/2020, 6:56:33 p. m. GET /users/ [object Object] ::1
6/10/2020, 6:56:43 p. m. GET /users/ [object Object] ::1
6/10/2020, 7:06:55 p. m. POST /users/ [object Object] ::1
6/10/2020, 7:07:01 p. m. POST /users/login [object Object] ::1
6/10/2020, 7:07:18 p. m. GET /users/ [object Object] ::1
6/10/2020, 7:07:33 p. m. GET /users/ [object Object] ::1
6/10/2020, 7:08:30 p. m. POST /users/ [object Object] ::1
6/10/2020, 7:08:34 p. m. POST /users/login [object Object] ::1
6/10/2020, 7:08:49 p. m. GET /users/ [object Object] ::1
6/10/2020, 7:08:53 p. m. GET /users/ [object Object] ::1
6/10/2020, 7:09:28 p. m. POST /users/ [object Object] ::1
6/10/2020, 7:09:30 p. m. POST /users/login [object Object] ::1
6/10/2020, 7:09:43 p. m. GET /users/ [object Object] ::1
6/10/2020, 7:09:47 p. m. GET /users/ [object Object] ::1
6/10/2020, 7:30:14 p. m. POST /users/ [object Object] ::1
6/10/2020, 7:30:17 p. m. POST /users/login [object Object] ::1
6/10/2020, 7:30:51 p. m. GET /tweets/ [object Object] ::1
6/10/2020, 7:31:00 p. m. POST /tweets/ [object Object] ::1
6/10/2020, 7:31:14 p. m. GET /tweets/ [object Object] ::1
6/10/2020, 7:50:24 p. m. POST /users/login [object Object] ::1
6/10/2020, 7:51:06 p. m. POST /users/ [object Object] ::1
6/10/2020, 7:51:10 p. m. POST /users/login [object Object] ::1
6/10/2020, 7:51:45 p. m. POST /tweets/ [object Object] ::1
6/10/2020, 7:51:51 p. m. GET /tweets/ [object Object] ::1
6/10/2020, 7:52:05 p. m. POST /users/ [object Object] ::1
6/10/2020, 7:52:10 p. m. POST /users/login [object Object] ::1
6/10/2020, 7:53:14 p. m. PUT /users/waltero [object Object] ::1
6/10/2020, 7:55:22 p. m. POST /users/ [object Object] ::1
6/10/2020, 7:55:28 p. m. POST /users/login [object Object] ::1
6/10/2020, 7:55:56 p. m. POST /users/ [object Object] ::1
6/10/2020, 7:56:00 p. m. POST /users/login [object Object] ::1
6/10/2020, 7:56:49 p. m. PUT /users/waltero [object Object] ::1
6/10/2020, 8:12:05 p. m. POST /users/ [object Object] ::1
6/10/2020, 8:12:10 p. m. POST /users/login [object Object] ::1
6/10/2020, 8:12:29 p. m. POST /users/ [object Object] ::1
6/10/2020, 8:12:41 p. m. POST /users/ [object Object] ::1
6/10/2020, 8:12:51 p. m. POST /users/login [object Object] ::1
6/10/2020, 8:13:28 p. m. PUT /users/waltero [object Object] ::1
