::1 - - [07/Oct/2020:01:55:18 +0000] "POST /api/users/ HTTP/1.1" 200 177 "-" "PostmanRuntime/7.26.5"
::1 - - [07/Oct/2020:01:55:23 +0000] "POST /api/users/ HTTP/1.1" 200 176 "-" "PostmanRuntime/7.26.5"
::1 - - [07/Oct/2020:01:55:26 +0000] "POST /api/users/login HTTP/1.1" 200 174 "-" "PostmanRuntime/7.26.5"
::1 - - [07/Oct/2020:01:57:05 +0000] "POST /api/users/ HTTP/1.1" 200 176 "-" "PostmanRuntime/7.26.5"
::1 - - [07/Oct/2020:01:57:09 +0000] "POST /api/users/ HTTP/1.1" 200 177 "-" "PostmanRuntime/7.26.5"
::1 - - [07/Oct/2020:01:57:11 +0000] "POST /api/users/login HTTP/1.1" 200 174 "-" "PostmanRuntime/7.26.5"
::1 - - [07/Oct/2020:02:01:23 +0000] "POST /api/users/ HTTP/1.1" 200 177 "-" "PostmanRuntime/7.26.5"
::1 - - [07/Oct/2020:02:01:26 +0000] "POST /api/users/login HTTP/1.1" 200 174 "-" "PostmanRuntime/7.26.5"
::1 - - [07/Oct/2020:02:01:44 +0000] "PUT /api/users/waltero2 HTTP/1.1" 200 120 "-" "PostmanRuntime/7.26.5"
::1 - - [07/Oct/2020:02:04:13 +0000] "POST /api/users/ HTTP/1.1" 200 177 "-" "PostmanRuntime/7.26.5"
::1 - - [07/Oct/2020:02:04:15 +0000] "POST /api/users/ HTTP/1.1" 500 1376 "-" "PostmanRuntime/7.26.5"
::1 - - [07/Oct/2020:02:04:26 +0000] "POST /api/users/ HTTP/1.1" 500 1376 "-" "PostmanRuntime/7.26.5"
::1 - - [07/Oct/2020:02:05:30 +0000] "POST /api/users/ HTTP/1.1" 200 177 "-" "PostmanRuntime/7.26.5"
::1 - - [07/Oct/2020:02:05:35 +0000] "POST /api/users/login HTTP/1.1" 200 174 "-" "PostmanRuntime/7.26.5"
::1 - - [07/Oct/2020:02:06:04 +0000] "PUT /api/users/waltero2 HTTP/1.1" 200 120 "-" "PostmanRuntime/7.26.5"
::1 - - [07/Oct/2020:02:07:35 +0000] "PUT /api/users/waltero2 HTTP/1.1" 200 120 "-" "PostmanRuntime/7.26.5"
::1 - - [07/Oct/2020:02:07:40 +0000] "PUT /api/users/waltero2 HTTP/1.1" 200 44 "-" "PostmanRuntime/7.26.5"
::1 - - [07/Oct/2020:02:07:47 +0000] "PUT /api/users/waltero2 HTTP/1.1" 200 120 "-" "PostmanRuntime/7.26.5"
::1 - - [14/Oct/2020:19:31:54 +0000] "POST /api/users/ HTTP/1.1" 200 177 "-" "PostmanRuntime/7.26.5"
::1 - - [14/Oct/2020:19:31:59 +0000] "POST /api/users/login HTTP/1.1" 200 174 "-" "PostmanRuntime/7.26.5"
::1 - - [14/Oct/2020:19:32:17 +0000] "POST /api/tweets/ HTTP/1.1" 200 45 "-" "PostmanRuntime/7.26.5"
::1 - - [14/Oct/2020:22:24:00 +0000] "POST /api/users/ HTTP/1.1" 501 113 "-" "PostmanRuntime/7.26.5"
::1 - - [14/Oct/2020:22:27:55 +0000] "POST /api/users/ HTTP/1.1" 501 162 "-" "PostmanRuntime/7.26.5"
::1 - - [14/Oct/2020:22:28:03 +0000] "POST /api/users/ HTTP/1.1" 501 162 "-" "PostmanRuntime/7.26.5"
::1 - - [14/Oct/2020:22:28:12 +0000] "POST /api/users/ HTTP/1.1" 501 113 "-" "PostmanRuntime/7.26.5"
::1 - - [14/Oct/2020:22:28:23 +0000] "POST /api/users/ HTTP/1.1" 501 89 "-" "PostmanRuntime/7.26.5"
::1 - - [16/Oct/2020:00:38:40 +0000] "GET /api/users/ HTTP/1.1" 200 97 "-" "PostmanRuntime/7.26.5"
::1 - - [16/Oct/2020:00:46:24 +0000] "GET /api/users/ HTTP/1.1" 200 189 "-" "PostmanRuntime/7.26.5"
::1 - - [16/Oct/2020:00:50:57 +0000] "GET /api/users/ HTTP/1.1" 200 189 "-" "PostmanRuntime/7.26.5"
::1 - - [16/Oct/2020:01:15:50 +0000] "POST /api/users/ HTTP/1.1" 501 89 "-" "PostmanRuntime/7.26.5"
::1 - - [16/Oct/2020:01:15:57 +0000] "POST /api/users/ HTTP/1.1" 501 89 "-" "PostmanRuntime/7.26.5"
::1 - - [16/Oct/2020:01:16:09 +0000] "POST /api/users/ HTTP/1.1" 501 89 "-" "PostmanRuntime/7.26.5"
::1 - - [16/Oct/2020:01:17:00 +0000] "POST /api/users/ HTTP/1.1" 501 89 "-" "PostmanRuntime/7.26.5"
::1 - - [16/Oct/2020:01:18:22 +0000] "POST /api/users/ HTTP/1.1" 501 89 "-" "PostmanRuntime/7.26.5"
::1 - - [16/Oct/2020:01:19:36 +0000] "POST /api/users/ HTTP/1.1" 501 89 "-" "PostmanRuntime/7.26.5"
::1 - - [16/Oct/2020:01:21:29 +0000] "POST /api/users/ HTTP/1.1" 501 89 "-" "PostmanRuntime/7.26.5"
::1 - - [16/Oct/2020:01:22:49 +0000] "POST /api/users/ HTTP/1.1" 200 147 "-" "PostmanRuntime/7.26.5"
::ffff:127.0.0.1 - - [16/Oct/2020:01:24:20 +0000] "POST /api/users/ HTTP/1.1" 200 221 "-" "PostmanRuntime/7.26.5"
::1 - - [16/Oct/2020:01:28:41 +0000] "POST /api/users/login HTTP/1.1" 500 2078 "-" "PostmanRuntime/7.26.5"
::1 - - [16/Oct/2020:01:29:26 +0000] "POST /api/users/login HTTP/1.1" 200 174 "-" "PostmanRuntime/7.26.5"
::1 - - [16/Oct/2020:01:29:35 +0000] "POST /api/users/login HTTP/1.1" 501 46 "-" "PostmanRuntime/7.26.5"
::1 - - [16/Oct/2020:01:32:52 +0000] "POST /api/users/login HTTP/1.1" 501 46 "-" "PostmanRuntime/7.26.5"
::1 - - [16/Oct/2020:01:32:56 +0000] "POST /api/users/login HTTP/1.1" 200 174 "-" "PostmanRuntime/7.26.5"
::1 - - [16/Oct/2020:01:33:20 +0000] "GET /api/users/ HTTP/1.1" 200 76 "-" "PostmanRuntime/7.26.5"
::1 - - [16/Oct/2020:01:33:26 +0000] "GET /api/users/ HTTP/1.1" 200 76 "-" "PostmanRuntime/7.26.5"
::1 - - [16/Oct/2020:01:34:10 +0000] "GET /api/users/ HTTP/1.1" 200 269 "-" "PostmanRuntime/7.26.5"
::1 - - [16/Oct/2020:01:41:47 +0000] "GET /api/users/ HTTP/1.1" 200 269 "-" "PostmanRuntime/7.26.5"
::1 - - [16/Oct/2020:01:42:05 +0000] "GET /api/users/ HTTP/1.1" 200 269 "-" "PostmanRuntime/7.26.5"
::1 - - [20/Oct/2020:20:42:40 +0000] "POST /api/users/login HTTP/1.1" 200 174 "-" "PostmanRuntime/7.26.5"
::1 - - [20/Oct/2020:20:43:03 +0000] "POST /api/tweets/ HTTP/1.1" 200 460 "-" "PostmanRuntime/7.26.5"
::1 - - [20/Oct/2020:20:43:51 +0000] "POST /api/tweets/ HTTP/1.1" 200 154 "-" "PostmanRuntime/7.26.5"
::1 - - [20/Oct/2020:20:48:00 +0000] "POST /api/tweets/ HTTP/1.1" 200 154 "-" "PostmanRuntime/7.26.5"
::1 - - [20/Oct/2020:20:48:11 +0000] "GET /api/tweets/5f8f4d00ac4e7b476cc3d407 HTTP/1.1" 200 154 "-" "PostmanRuntime/7.26.5"
::1 - - [20/Oct/2020:20:49:26 +0000] "POST /api/tweets/ HTTP/1.1" 200 168 "-" "PostmanRuntime/7.26.5"
::1 - - [20/Oct/2020:20:49:36 +0000] "GET /api/tweets/ HTTP/1.1" 200 424 "-" "PostmanRuntime/7.26.5"
::1 - - [20/Oct/2020:21:45:39 +0000] "GET /api/weather/Pereira HTTP/1.1" 200 41 "-" "PostmanRuntime/7.26.5"
